  main.cpp
c:\users\user\documents\zeus\zeus_vs\zeus\../sharedobjects/Country.h(138): warning C4244: 'return': conversion from '__int64' to 'int', possible loss of data
c:\users\user\documents\zeus\zeus_vs\zeus\../sharedobjects/Country.h(146): warning C4244: 'return': conversion from '__int64' to 'int', possible loss of data
c:\users\user\documents\zeus\zeus_vs\zeus\GUI.h(125): warning C4305: 'initializing': truncation from 'double' to 'float'
c:\users\user\documents\zeus\zeus_vs\zeus\GUI.h(126): warning C4305: 'initializing': truncation from 'double' to 'float'
c:\users\user\documents\zeus\zeus_vs\zeus\GUI.h(158): warning C4091: 'static ': ignored on left of 'GUI' when no variable is declared
c:\users\user\documents\zeus\zeus_vs\zeus\GUI.h(528): warning C4244: 'argument': conversion from 'int' to 'float', possible loss of data
c:\users\user\documents\zeus\zeus_vs\zeus\GUI.h(530): warning C4244: 'argument': conversion from 'int' to 'float', possible loss of data
c:\users\user\documents\zeus\zeus_vs\zeus\GUI.h(609): warning C4244: '=': conversion from 'double' to 'int', possible loss of data
c:\users\user\documents\zeus\zeus_vs\zeus\GUI.h(610): warning C4244: '=': conversion from 'double' to 'int', possible loss of data
c:\users\user\documents\zeus\zeus_vs\zeus\GUI.h(611): warning C4244: '=': conversion from 'double' to 'int', possible loss of data
c:\users\user\documents\zeus\zeus_vs\zeus\GUI.h(628): warning C4244: 'argument': conversion from 'float' to 'Uint8', possible loss of data
c:\users\user\documents\zeus\zeus_vs\zeus\GUI.h(707): warning C4018: '<': signed/unsigned mismatch
c:\users\user\documents\zeus\zeus_vs\zeus\GUI.h(801): warning C4018: '<': signed/unsigned mismatch
c:\users\user\documents\zeus\zeus_vs\zeus\GUI.h(868): warning C4244: '=': conversion from 'float' to 'int', possible loss of data
c:\users\user\documents\zeus\zeus_vs\zeus\GUI.h(869): warning C4244: '=': conversion from 'float' to 'int', possible loss of data
c:\users\user\documents\zeus\zeus_vs\zeus\Main.h(280): warning C4244: '=': conversion from 'Uint32' to 'float', possible loss of data
c:\users\user\documents\zeus\zeus_vs\zeus\Main.h(419): warning C4244: '=': conversion from 'double' to 'float', possible loss of data
c:\users\user\documents\zeus\zeus_vs\zeus\Main.h(430): warning C4244: 'argument': conversion from 'float' to 'Uint32', possible loss of data
c:\users\user\documents\zeus\zeus_vs\zeus\Main.h(371): warning C4390: ';': empty controlled statement found; is this the intent?
c:\users\user\documents\zeus\zeus_vs\zeus\Main.h(372): warning C4390: ';': empty controlled statement found; is this the intent?
c:\users\user\documents\zeus\zeus_vs\zeus\Main.h(373): warning C4390: ';': empty controlled statement found; is this the intent?
c:\users\user\documents\zeus\zeus_vs\zeus\Main.h(374): warning C4390: ';': empty controlled statement found; is this the intent?
  Generating code
  All 1508 functions were compiled because no usable IPDB/IOBJ from previous compilation was found.
  Finished generating code
  ZEUS.vcxproj -> C:\Users\User\Documents\ZEUS\ZEUS_VS\Release\ZEUS.exe
