  main.cpp
c:\users\user\documents\zeus\zeus_vs\sharedobjects\country.h(138): warning C4244: 'return': conversion from '__int64' to 'int', possible loss of data
c:\users\user\documents\zeus\zeus_vs\sharedobjects\country.h(146): warning C4244: 'return': conversion from '__int64' to 'int', possible loss of data
c:\users\user\documents\zeus\zeus_vs\sharedobjects\country.h(165): warning C4018: '<': signed/unsigned mismatch
c:\users\user\documents\zeus\zeus_vs\sharedobjects\country.h(201): warning C4018: '<': signed/unsigned mismatch
c:\users\user\documents\zeus\zeus_vs\sharedobjects\country.h(237): warning C4018: '<': signed/unsigned mismatch
c:\users\user\documents\zeus\zeus_vs\zeusscenariocreator\scgui.h(126): warning C4305: 'initializing': truncation from 'double' to 'float'
c:\users\user\documents\zeus\zeus_vs\zeusscenariocreator\scgui.h(127): warning C4305: 'initializing': truncation from 'double' to 'float'
c:\users\user\documents\zeus\zeus_vs\zeusscenariocreator\scgui.h(287): warning C4091: 'static ': ignored on left of 'SCGUI' when no variable is declared
c:\users\user\documents\zeus\zeus_vs\zeusscenariocreator\scgui.h(567): warning C4018: '<': signed/unsigned mismatch
c:\users\user\documents\zeus\zeus_vs\zeusscenariocreator\scgui.h(588): warning C4018: '<': signed/unsigned mismatch
c:\users\user\documents\zeus\zeus_vs\zeusscenariocreator\scgui.h(603): warning C4018: '<': signed/unsigned mismatch
c:\users\user\documents\zeus\zeus_vs\zeusscenariocreator\scgui.h(617): warning C4018: '<': signed/unsigned mismatch
c:\users\user\documents\zeus\zeus_vs\zeusscenariocreator\scgui.h(662): warning C4018: '<': signed/unsigned mismatch
c:\users\user\documents\zeus\zeus_vs\zeusscenariocreator\scgui.h(751): warning C4018: '<': signed/unsigned mismatch
c:\users\user\documents\zeus\zeus_vs\zeusscenariocreator\scgui.h(754): warning C4018: '<': signed/unsigned mismatch
c:\users\user\documents\zeus\zeus_vs\zeusscenariocreator\scgui.h(765): warning C4018: '<': signed/unsigned mismatch
c:\users\user\documents\zeus\zeus_vs\zeusscenariocreator\scgui.h(774): warning C4018: '<': signed/unsigned mismatch
c:\users\user\documents\zeus\zeus_vs\zeusscenariocreator\scgui.h(679): warning C4996: 'strcpy': This function or variable may be unsafe. Consider using strcpy_s instead. To disable deprecation, use _CRT_SECURE_NO_WARNINGS. See online help for details.
  c:\program files (x86)\windows kits\10\include\10.0.15063.0\ucrt\string.h(136): note: see declaration of 'strcpy'
c:\users\user\documents\zeus\zeus_vs\zeusscenariocreator\scgui.h(682): warning C4996: 'strcpy': This function or variable may be unsafe. Consider using strcpy_s instead. To disable deprecation, use _CRT_SECURE_NO_WARNINGS. See online help for details.
  c:\program files (x86)\windows kits\10\include\10.0.15063.0\ucrt\string.h(136): note: see declaration of 'strcpy'
c:\users\user\documents\zeus\zeus_vs\zeusscenariocreator\scgui.h(691): warning C4996: 'strcpy': This function or variable may be unsafe. Consider using strcpy_s instead. To disable deprecation, use _CRT_SECURE_NO_WARNINGS. See online help for details.
  c:\program files (x86)\windows kits\10\include\10.0.15063.0\ucrt\string.h(136): note: see declaration of 'strcpy'
c:\users\user\documents\zeus\zeus_vs\zeusscenariocreator\scgui.h(694): warning C4996: 'strcpy': This function or variable may be unsafe. Consider using strcpy_s instead. To disable deprecation, use _CRT_SECURE_NO_WARNINGS. See online help for details.
  c:\program files (x86)\windows kits\10\include\10.0.15063.0\ucrt\string.h(136): note: see declaration of 'strcpy'
c:\users\user\documents\zeus\zeus_vs\zeusscenariocreator\scgui.h(697): warning C4996: 'strcpy': This function or variable may be unsafe. Consider using strcpy_s instead. To disable deprecation, use _CRT_SECURE_NO_WARNINGS. See online help for details.
  c:\program files (x86)\windows kits\10\include\10.0.15063.0\ucrt\string.h(136): note: see declaration of 'strcpy'
c:\users\user\documents\zeus\zeus_vs\zeusscenariocreator\scgui.h(700): warning C4996: 'strcpy': This function or variable may be unsafe. Consider using strcpy_s instead. To disable deprecation, use _CRT_SECURE_NO_WARNINGS. See online help for details.
  c:\program files (x86)\windows kits\10\include\10.0.15063.0\ucrt\string.h(136): note: see declaration of 'strcpy'
c:\users\user\documents\zeus\zeus_vs\zeusscenariocreator\scgui.h(857): warning C4996: 'strcpy': This function or variable may be unsafe. Consider using strcpy_s instead. To disable deprecation, use _CRT_SECURE_NO_WARNINGS. See online help for details.
  c:\program files (x86)\windows kits\10\include\10.0.15063.0\ucrt\string.h(136): note: see declaration of 'strcpy'
c:\users\user\documents\zeus\zeus_vs\zeusscenariocreator\scgui.h(879): warning C4996: 'fopen': This function or variable may be unsafe. Consider using fopen_s instead. To disable deprecation, use _CRT_SECURE_NO_WARNINGS. See online help for details.
  c:\program files (x86)\windows kits\10\include\10.0.15063.0\ucrt\stdio.h(207): note: see declaration of 'fopen'
c:\users\user\documents\zeus\zeus_vs\zeusscenariocreator\scgui.h(926): warning C4996: 'strcpy': This function or variable may be unsafe. Consider using strcpy_s instead. To disable deprecation, use _CRT_SECURE_NO_WARNINGS. See online help for details.
  c:\program files (x86)\windows kits\10\include\10.0.15063.0\ucrt\string.h(136): note: see declaration of 'strcpy'
c:\users\user\documents\zeus\zeus_vs\zeusscenariocreator\scgui.h(929): warning C4996: 'strcpy': This function or variable may be unsafe. Consider using strcpy_s instead. To disable deprecation, use _CRT_SECURE_NO_WARNINGS. See online help for details.
  c:\program files (x86)\windows kits\10\include\10.0.15063.0\ucrt\string.h(136): note: see declaration of 'strcpy'
c:\users\user\documents\zeus\zeus_vs\zeusscenariocreator\scgui.h(946): warning C4996: 'strcpy': This function or variable may be unsafe. Consider using strcpy_s instead. To disable deprecation, use _CRT_SECURE_NO_WARNINGS. See online help for details.
  c:\program files (x86)\windows kits\10\include\10.0.15063.0\ucrt\string.h(136): note: see declaration of 'strcpy'
c:\users\user\documents\zeus\zeus_vs\zeusscenariocreator\scgui.h(947): warning C4996: 'strcpy': This function or variable may be unsafe. Consider using strcpy_s instead. To disable deprecation, use _CRT_SECURE_NO_WARNINGS. See online help for details.
  c:\program files (x86)\windows kits\10\include\10.0.15063.0\ucrt\string.h(136): note: see declaration of 'strcpy'
c:\users\user\documents\zeus\zeus_vs\zeusscenariocreator\scgui.h(950): warning C4996: 'strcpy': This function or variable may be unsafe. Consider using strcpy_s instead. To disable deprecation, use _CRT_SECURE_NO_WARNINGS. See online help for details.
  c:\program files (x86)\windows kits\10\include\10.0.15063.0\ucrt\string.h(136): note: see declaration of 'strcpy'
c:\users\user\documents\zeus\zeus_vs\zeusscenariocreator\scgui.h(1017): warning C4996: 'strcpy': This function or variable may be unsafe. Consider using strcpy_s instead. To disable deprecation, use _CRT_SECURE_NO_WARNINGS. See online help for details.
  c:\program files (x86)\windows kits\10\include\10.0.15063.0\ucrt\string.h(136): note: see declaration of 'strcpy'
c:\users\user\documents\zeus\zeus_vs\zeusscenariocreator\scgui.h(1018): warning C4996: 'strcpy': This function or variable may be unsafe. Consider using strcpy_s instead. To disable deprecation, use _CRT_SECURE_NO_WARNINGS. See online help for details.
  c:\program files (x86)\windows kits\10\include\10.0.15063.0\ucrt\string.h(136): note: see declaration of 'strcpy'
c:\users\user\documents\zeus\zeus_vs\zeusscenariocreator\scgui.h(1316): warning C4018: '<': signed/unsigned mismatch
c:\users\user\documents\zeus\zeus_vs\zeusscenariocreator\scgui.h(1337): warning C4018: '<': signed/unsigned mismatch
c:\users\user\documents\zeus\zeus_vs\zeusscenariocreator\scgui.h(1358): warning C4018: '<': signed/unsigned mismatch
c:\users\user\documents\zeus\zeus_vs\zeusscenariocreator\scgui.h(1397): warning C4018: '<': signed/unsigned mismatch
c:\users\user\documents\zeus\zeus_vs\zeusscenariocreator\scgui.h(1435): warning C4018: '<': signed/unsigned mismatch
c:\users\user\documents\zeus\zeus_vs\zeusscenariocreator\scgui.h(1449): warning C4018: '<': signed/unsigned mismatch
c:\users\user\documents\zeus\zeus_vs\zeusscenariocreator\scgui.h(1463): warning C4018: '<': signed/unsigned mismatch
c:\users\user\documents\zeus\zeus_vs\zeusscenariocreator\scgui.h(1149): warning C4996: 'strcpy': This function or variable may be unsafe. Consider using strcpy_s instead. To disable deprecation, use _CRT_SECURE_NO_WARNINGS. See online help for details.
  c:\program files (x86)\windows kits\10\include\10.0.15063.0\ucrt\string.h(136): note: see declaration of 'strcpy'
c:\users\user\documents\zeus\zeus_vs\zeusscenariocreator\scgui.h(1150): warning C4996: 'strcpy': This function or variable may be unsafe. Consider using strcpy_s instead. To disable deprecation, use _CRT_SECURE_NO_WARNINGS. See online help for details.
  c:\program files (x86)\windows kits\10\include\10.0.15063.0\ucrt\string.h(136): note: see declaration of 'strcpy'
c:\users\user\documents\zeus\zeus_vs\zeusscenariocreator\scgui.h(1168): warning C4996: 'strcpy': This function or variable may be unsafe. Consider using strcpy_s instead. To disable deprecation, use _CRT_SECURE_NO_WARNINGS. See online help for details.
  c:\program files (x86)\windows kits\10\include\10.0.15063.0\ucrt\string.h(136): note: see declaration of 'strcpy'
c:\users\user\documents\zeus\zeus_vs\zeusscenariocreator\scgui.h(1169): warning C4996: 'strcpy': This function or variable may be unsafe. Consider using strcpy_s instead. To disable deprecation, use _CRT_SECURE_NO_WARNINGS. See online help for details.
  c:\program files (x86)\windows kits\10\include\10.0.15063.0\ucrt\string.h(136): note: see declaration of 'strcpy'
c:\users\user\documents\zeus\zeus_vs\zeusscenariocreator\scgui.h(1186): warning C4996: 'strcpy': This function or variable may be unsafe. Consider using strcpy_s instead. To disable deprecation, use _CRT_SECURE_NO_WARNINGS. See online help for details.
  c:\program files (x86)\windows kits\10\include\10.0.15063.0\ucrt\string.h(136): note: see declaration of 'strcpy'
c:\users\user\documents\zeus\zeus_vs\zeusscenariocreator\scgui.h(1188): warning C4996: 'strcpy': This function or variable may be unsafe. Consider using strcpy_s instead. To disable deprecation, use _CRT_SECURE_NO_WARNINGS. See online help for details.
  c:\program files (x86)\windows kits\10\include\10.0.15063.0\ucrt\string.h(136): note: see declaration of 'strcpy'
c:\users\user\documents\zeus\zeus_vs\zeusscenariocreator\scgui.h(1206): warning C4996: 'strcpy': This function or variable may be unsafe. Consider using strcpy_s instead. To disable deprecation, use _CRT_SECURE_NO_WARNINGS. See online help for details.
  c:\program files (x86)\windows kits\10\include\10.0.15063.0\ucrt\string.h(136): note: see declaration of 'strcpy'
c:\users\user\documents\zeus\zeus_vs\zeusscenariocreator\scgui.h(1208): warning C4996: 'strcpy': This function or variable may be unsafe. Consider using strcpy_s instead. To disable deprecation, use _CRT_SECURE_NO_WARNINGS. See online help for details.
  c:\program files (x86)\windows kits\10\include\10.0.15063.0\ucrt\string.h(136): note: see declaration of 'strcpy'
c:\users\user\documents\zeus\zeus_vs\zeusscenariocreator\scgui.h(1616): warning C4018: '<': signed/unsigned mismatch
c:\users\user\documents\zeus\zeus_vs\zeusscenariocreator\scgui.h(1570): warning C4996: 'strcpy': This function or variable may be unsafe. Consider using strcpy_s instead. To disable deprecation, use _CRT_SECURE_NO_WARNINGS. See online help for details.
  c:\program files (x86)\windows kits\10\include\10.0.15063.0\ucrt\string.h(136): note: see declaration of 'strcpy'
c:\users\user\documents\zeus\zeus_vs\zeusscenariocreator\scgui.h(1572): warning C4996: 'strcpy': This function or variable may be unsafe. Consider using strcpy_s instead. To disable deprecation, use _CRT_SECURE_NO_WARNINGS. See online help for details.
  c:\program files (x86)\windows kits\10\include\10.0.15063.0\ucrt\string.h(136): note: see declaration of 'strcpy'
c:\users\user\documents\zeus\zeus_vs\zeusscenariocreator\scgui.h(1586): warning C4996: 'strcpy': This function or variable may be unsafe. Consider using strcpy_s instead. To disable deprecation, use _CRT_SECURE_NO_WARNINGS. See online help for details.
  c:\program files (x86)\windows kits\10\include\10.0.15063.0\ucrt\string.h(136): note: see declaration of 'strcpy'
c:\users\user\documents\zeus\zeus_vs\zeusscenariocreator\scgui.h(1589): warning C4996: 'strcpy': This function or variable may be unsafe. Consider using strcpy_s instead. To disable deprecation, use _CRT_SECURE_NO_WARNINGS. See online help for details.
  c:\program files (x86)\windows kits\10\include\10.0.15063.0\ucrt\string.h(136): note: see declaration of 'strcpy'
c:\users\user\documents\zeus\zeus_vs\zeusscenariocreator\scgui.h(1592): warning C4996: 'strcpy': This function or variable may be unsafe. Consider using strcpy_s instead. To disable deprecation, use _CRT_SECURE_NO_WARNINGS. See online help for details.
  c:\program files (x86)\windows kits\10\include\10.0.15063.0\ucrt\string.h(136): note: see declaration of 'strcpy'
c:\users\user\documents\zeus\zeus_vs\zeusscenariocreator\scgui.h(1595): warning C4996: 'strcpy': This function or variable may be unsafe. Consider using strcpy_s instead. To disable deprecation, use _CRT_SECURE_NO_WARNINGS. See online help for details.
  c:\program files (x86)\windows kits\10\include\10.0.15063.0\ucrt\string.h(136): note: see declaration of 'strcpy'
c:\users\user\documents\zeus\zeus_vs\zeusscenariocreator\scgui.h(1892): warning C4018: '<': signed/unsigned mismatch
c:\users\user\documents\zeus\zeus_vs\zeusscenariocreator\scgui.h(1917): warning C4018: '<': signed/unsigned mismatch
c:\users\user\documents\zeus\zeus_vs\zeusscenariocreator\scgui.h(1944): warning C4018: '<': signed/unsigned mismatch
c:\users\user\documents\zeus\zeus_vs\zeusscenariocreator\scgui.h(1970): warning C4018: '>': signed/unsigned mismatch
c:\users\user\documents\zeus\zeus_vs\zeusscenariocreator\scgui.h(1988): warning C4018: '<': signed/unsigned mismatch
c:\users\user\documents\zeus\zeus_vs\zeusscenariocreator\scgui.h(2007): warning C4018: '<': signed/unsigned mismatch
c:\users\user\documents\zeus\zeus_vs\zeusscenariocreator\scgui.h(2026): warning C4018: '<': signed/unsigned mismatch
c:\users\user\documents\zeus\zeus_vs\zeusscenariocreator\scgui.h(1728): warning C4996: 'strcpy': This function or variable may be unsafe. Consider using strcpy_s instead. To disable deprecation, use _CRT_SECURE_NO_WARNINGS. See online help for details.
  c:\program files (x86)\windows kits\10\include\10.0.15063.0\ucrt\string.h(136): note: see declaration of 'strcpy'
c:\users\user\documents\zeus\zeus_vs\zeusscenariocreator\scgui.h(1729): warning C4996: 'strcpy': This function or variable may be unsafe. Consider using strcpy_s instead. To disable deprecation, use _CRT_SECURE_NO_WARNINGS. See online help for details.
  c:\program files (x86)\windows kits\10\include\10.0.15063.0\ucrt\string.h(136): note: see declaration of 'strcpy'
c:\users\user\documents\zeus\zeus_vs\zeusscenariocreator\scgui.h(1747): warning C4996: 'strcpy': This function or variable may be unsafe. Consider using strcpy_s instead. To disable deprecation, use _CRT_SECURE_NO_WARNINGS. See online help for details.
  c:\program files (x86)\windows kits\10\include\10.0.15063.0\ucrt\string.h(136): note: see declaration of 'strcpy'
c:\users\user\documents\zeus\zeus_vs\zeusscenariocreator\scgui.h(1749): warning C4996: 'strcpy': This function or variable may be unsafe. Consider using strcpy_s instead. To disable deprecation, use _CRT_SECURE_NO_WARNINGS. See online help for details.
  c:\program files (x86)\windows kits\10\include\10.0.15063.0\ucrt\string.h(136): note: see declaration of 'strcpy'
c:\users\user\documents\zeus\zeus_vs\zeusscenariocreator\scgui.h(1766): warning C4996: 'strcpy': This function or variable may be unsafe. Consider using strcpy_s instead. To disable deprecation, use _CRT_SECURE_NO_WARNINGS. See online help for details.
  c:\program files (x86)\windows kits\10\include\10.0.15063.0\ucrt\string.h(136): note: see declaration of 'strcpy'
c:\users\user\documents\zeus\zeus_vs\zeusscenariocreator\scgui.h(1768): warning C4996: 'strcpy': This function or variable may be unsafe. Consider using strcpy_s instead. To disable deprecation, use _CRT_SECURE_NO_WARNINGS. See online help for details.
  c:\program files (x86)\windows kits\10\include\10.0.15063.0\ucrt\string.h(136): note: see declaration of 'strcpy'
c:\users\user\documents\zeus\zeus_vs\zeusscenariocreator\scgui.h(1786): warning C4996: 'strcpy': This function or variable may be unsafe. Consider using strcpy_s instead. To disable deprecation, use _CRT_SECURE_NO_WARNINGS. See online help for details.
  c:\program files (x86)\windows kits\10\include\10.0.15063.0\ucrt\string.h(136): note: see declaration of 'strcpy'
c:\users\user\documents\zeus\zeus_vs\zeusscenariocreator\scgui.h(1788): warning C4996: 'strcpy': This function or variable may be unsafe. Consider using strcpy_s instead. To disable deprecation, use _CRT_SECURE_NO_WARNINGS. See online help for details.
  c:\program files (x86)\windows kits\10\include\10.0.15063.0\ucrt\string.h(136): note: see declaration of 'strcpy'
c:\users\user\documents\zeus\zeus_vs\zeusscenariocreator\scgui.h(2096): warning C4244: 'argument': conversion from 'float' to 'Uint8', possible loss of data
c:\users\user\documents\zeus\zeus_vs\zeusscenariocreator\scgui.h(2131): warning C4018: '<': signed/unsigned mismatch
c:\users\user\documents\zeus\zeus_vs\zeusscenariocreator\scgui.h(2201): warning C4018: '<': signed/unsigned mismatch
c:\users\user\documents\zeus\zeus_vs\zeusscenariocreator\scgui.h(2291): warning C4244: '=': conversion from 'float' to 'int', possible loss of data
c:\users\user\documents\zeus\zeus_vs\zeusscenariocreator\scgui.h(2292): warning C4244: '=': conversion from 'float' to 'int', possible loss of data
c:\users\user\documents\zeus\zeus_vs\zeusscenariocreator\scgui.h(2404): warning C4018: '<': signed/unsigned mismatch
c:\users\user\documents\zeus\zeus_vs\zeusscenariocreator\scgui.h(2510): warning C4018: '<': signed/unsigned mismatch
c:\users\user\documents\zeus\zeus_vs\zeusscenariocreator\scgui.h(2604): warning C4018: '<': signed/unsigned mismatch
c:\users\user\documents\zeus\zeus_vs\zeusscenariocreator\scgui.h(2607): warning C4018: '<': signed/unsigned mismatch
c:\users\user\documents\zeus\zeus_vs\zeusscenariocreator\scgui.h(2618): warning C4018: '<': signed/unsigned mismatch
c:\users\user\documents\zeus\zeus_vs\zeusscenariocreator\scgui.h(2627): warning C4018: '<': signed/unsigned mismatch
c:\users\user\documents\zeus\zeus_vs\zeusscenariocreator\scgui.h(2532): warning C4996: 'strcpy': This function or variable may be unsafe. Consider using strcpy_s instead. To disable deprecation, use _CRT_SECURE_NO_WARNINGS. See online help for details.
  c:\program files (x86)\windows kits\10\include\10.0.15063.0\ucrt\string.h(136): note: see declaration of 'strcpy'
c:\users\user\documents\zeus\zeus_vs\zeusscenariocreator\scgui.h(2535): warning C4996: 'strcpy': This function or variable may be unsafe. Consider using strcpy_s instead. To disable deprecation, use _CRT_SECURE_NO_WARNINGS. See online help for details.
  c:\program files (x86)\windows kits\10\include\10.0.15063.0\ucrt\string.h(136): note: see declaration of 'strcpy'
c:\users\user\documents\zeus\zeus_vs\zeusscenariocreator\scgui.h(2544): warning C4996: 'strcpy': This function or variable may be unsafe. Consider using strcpy_s instead. To disable deprecation, use _CRT_SECURE_NO_WARNINGS. See online help for details.
  c:\program files (x86)\windows kits\10\include\10.0.15063.0\ucrt\string.h(136): note: see declaration of 'strcpy'
c:\users\user\documents\zeus\zeus_vs\zeusscenariocreator\scgui.h(2547): warning C4996: 'strcpy': This function or variable may be unsafe. Consider using strcpy_s instead. To disable deprecation, use _CRT_SECURE_NO_WARNINGS. See online help for details.
  c:\program files (x86)\windows kits\10\include\10.0.15063.0\ucrt\string.h(136): note: see declaration of 'strcpy'
c:\users\user\documents\zeus\zeus_vs\zeusscenariocreator\scgui.h(2550): warning C4996: 'strcpy': This function or variable may be unsafe. Consider using strcpy_s instead. To disable deprecation, use _CRT_SECURE_NO_WARNINGS. See online help for details.
  c:\program files (x86)\windows kits\10\include\10.0.15063.0\ucrt\string.h(136): note: see declaration of 'strcpy'
c:\users\user\documents\zeus\zeus_vs\zeusscenariocreator\scgui.h(2553): warning C4996: 'strcpy': This function or variable may be unsafe. Consider using strcpy_s instead. To disable deprecation, use _CRT_SECURE_NO_WARNINGS. See online help for details.
  c:\program files (x86)\windows kits\10\include\10.0.15063.0\ucrt\string.h(136): note: see declaration of 'strcpy'
c:\users\user\documents\zeus\zeus_vs\zeusscenariocreator\scmain.h(275): warning C4244: '=': conversion from 'Uint32' to 'float', possible loss of data
c:\users\user\documents\zeus\zeus_vs\zeusscenariocreator\scmain.h(402): warning C4244: '=': conversion from 'double' to 'float', possible loss of data
c:\users\user\documents\zeus\zeus_vs\zeusscenariocreator\scmain.h(413): warning C4244: 'argument': conversion from 'float' to 'Uint32', possible loss of data
c:\users\user\documents\zeus\zeus_vs\zeusscenariocreator\scmain.h(347): warning C4390: ';': empty controlled statement found; is this the intent?
c:\users\user\documents\zeus\zeus_vs\zeusscenariocreator\scmain.h(348): warning C4390: ';': empty controlled statement found; is this the intent?
c:\users\user\documents\zeus\zeus_vs\zeusscenariocreator\scmain.h(349): warning C4390: ';': empty controlled statement found; is this the intent?
c:\users\user\documents\zeus\zeus_vs\zeusscenariocreator\scmain.h(350): warning C4390: ';': empty controlled statement found; is this the intent?
  ZeusScenarioCreator.vcxproj -> C:\Users\User\Documents\ZEUS\ZEUS_VS\Debug\ZeusScenarioCreator.exe
